[Kens100days.netlify.app/index.html]
[Kens100days.netlify.app/style.css]
[backblue.gif]
[fade.gif]
[index.html]
[kit.fontawesome.com/a076d05399.js]
[Kens100days.netlify.app/achievements.html]
[Kens100days.netlify.app/timeline.html]
[Kens100days.netlify.app/highlights.html]
[Kens100days.netlify.app/projects.html]
[Kens100days.netlify.app/resources.html]
[Kens100days.netlify.app/index.html]
[Kens100days.netlify.app/style.css]
[Kens100days.netlify.app/achievements.html]
[Kens100days.netlify.app/overview.html]
[Kens100days.netlify.app/timeline.html]
[Kens100days.netlify.app/highlights.html]
[Kens100days.netlify.app/projects.html]
[Kens100days.netlify.app/resources.html]
[Kens100days.netlify.app/overview.html]
[platform.twitter.com/widgets.js]
